2025-01-04 17:57:24,389 Sent command: re
2025-01-04 17:57:24,393 Received response: Command executed successfully

2025-01-04 18:20:14,369 Sent command: re
2025-01-04 18:20:14,382 Received response: Command executed successfully

2025-01-04 18:26:10,002 Sent command: rf
2025-01-04 18:26:10,002 Received response: Command executed successfully

2025-01-04 18:39:16,131 Sent command: sudo
2025-01-04 18:39:16,131 Received response: Intrusive command.

2025-01-04 18:39:36,087 Sent command: rf
2025-01-04 18:39:36,087 Received response: 
2025-01-05 13:43:32,438 Sent command: sudo
2025-01-05 13:43:32,438 Received response: Intrusive command.

2025-01-05 13:43:43,081 Sent command: DROP TABLE
2025-01-05 13:43:43,081 Received response: 
2025-01-05 13:54:19,779 Sent command: insert into
2025-01-05 13:54:19,779 Received response: Intrusive command.

2025-01-05 13:54:38,135 Sent command: shutdown
2025-01-05 13:54:38,135 Received response: 
2025-01-05 14:10:48,326 Sent command: hello
2025-01-05 14:10:48,342 Received response: 
2025-01-05 14:16:58,568 Sent command: hello
2025-01-05 14:16:58,568 Received response: Command executed successfully

2025-01-05 14:17:11,601 Sent command: re
2025-01-05 14:17:11,601 Received response: Command executed successfully

2025-01-05 14:17:25,828 Sent command: truncate
2025-01-05 14:17:25,828 Received response: Command executed successfully

2025-01-05 14:17:34,046 Sent command: sudo
2025-01-05 14:17:34,046 Received response: Intrusive command.

2025-01-05 14:17:39,834 Sent command: reboot
2025-01-05 14:17:39,834 Received response: Intrusive command.

2025-01-05 14:17:47,924 Sent command: truncate table
2025-01-05 14:17:47,924 Received response: Intrusive command.

2025-01-05 14:17:51,358 Sent command: netcat
2025-01-05 14:17:51,358 Received response: Too many intrusive commands. IP blocked for 2 minutes.

2025-01-05 14:59:33,492 Sent command: & C:/Users/USER/AppData/Local/Microsoft/WindowsApps/python3.11.exe c:/Users/USER/ids/client.py
2025-01-05 14:59:33,505 Received response: Command executed successfully

2025-01-05 14:59:42,562 Sent command: & C:/Users/USER/AppData/Local/Microsoft/WindowsApps/python3.11.exe c:/Users/USER/ids/client.py
2025-01-05 14:59:42,562 Received response: Command executed successfully

2025-01-05 14:59:58,532 Sent command: & C:/Users/USER/AppData/Local/Microsoft/WindowsApps/python3.11.exe c:/Users/USER/ids/client.py
2025-01-05 14:59:58,532 Received response: Command executed successfully

2025-01-05 15:01:13,525 Sent command: re
2025-01-05 15:01:13,525 Received response: Command executed successfully

2025-01-05 15:01:48,241 Sent command: rf
2025-01-05 15:01:48,241 Received response: Command executed successfully

2025-01-05 15:02:14,757 Sent command: ok
2025-01-05 15:02:14,757 Received response: Command executed successfully

2025-01-05 15:02:16,858 Sent command: bye
2025-01-05 15:02:16,858 Received response: Command executed successfully

2025-01-15 16:47:15,796 Sent command: hello
2025-01-15 16:47:15,796 Received response: Command executed successfully

2025-01-15 16:47:32,370 Sent command: drop table
2025-01-15 16:47:32,370 Received response: Intrusive command.

2025-01-15 16:47:35,358 Sent command: sudo
2025-01-15 16:47:35,358 Received response: Intrusive command.

2025-01-15 16:47:42,402 Sent command: update
2025-01-15 16:47:42,402 Received response: Intrusive command.

2025-01-15 16:47:51,936 Sent command: wazuh
2025-01-15 16:47:51,937 Received response: Command executed successfully

2025-01-15 16:48:00,383 Sent command: install this
2025-01-15 16:48:00,383 Received response: Command executed successfully

2025-01-15 16:48:05,991 Sent command: shutdown
2025-01-15 16:48:05,991 Received response: Intrusive command.

2025-01-15 16:48:08,890 Sent command: reboot
2025-01-15 16:48:08,890 Received response: Intrusive command.

2025-01-15 16:48:13,146 Sent command: insert into
2025-01-15 16:48:13,146 Received response: Too many intrusive commands. IP blocked for 2 minutes.

